This is pdfTeX, Version 3.141592653-2.6-1.40.26 (MiKTeX 24.4) (preloaded format=pdflatex 2024.10.23)  19 NOV 2024 09:05
entering extended mode
 restricted \write18 enabled.
 %&-line parsing enabled.
**"./Linguaggi non Touring Riconoscibili.beamer.tex"
(Linguaggi non Touring Riconoscibili.beamer.tex
LaTeX2e <2023-11-01> patch level 1
L3 programming layer <2024-03-14>

! LaTeX Error: File `beamer.cls' not found.

Type X to quit or <RETURN> to proceed,
or enter new name. (Default extension: cls)

Enter file name: 
! Emergency stop.
<read *> 
         
l.8 \usepackage
               {pgfpages}^^M
*** (cannot \read from terminal in nonstop modes)

 
Here is how much of TeX's memory you used:
 29 strings out of 474424
 890 string characters out of 5736982
 1925496 words of memory out of 5000000
 22477 multiletter control sequences out of 15000+600000
 558069 words of font info for 36 fonts, out of 8000000 for 9000
 1141 hyphenation exceptions out of 8191
 19i,0n,29p,126b,17s stack positions out of 10000i,1000n,20000p,200000b,200000s
!  ==> Fatal error occurred, no output PDF file produced!
